Ignoring directive: .type	__init,@function
Ignoring directive: .type	main,@function
Ignoring directive: .type	fuckLLVM_a,@object
Ignoring directive: .size	fuckLLVM_a, 8
Ignoring directive: .type	fuckLLVM_.str.0,@object
Ignoring directive: .size	fuckLLVM_.str.0, 1
Ignoring directive: .file	"builtin.c"
Ignoring directive: .type	print, @function
Ignoring directive: .size	print, .-print
Ignoring directive: .type	println, @function
Ignoring directive: .size	println, .-println
Ignoring directive: .type	printInt, @function
Ignoring directive: .size	printInt, .-printInt
Ignoring directive: .type	printlnInt, @function
Ignoring directive: .size	printlnInt, .-printlnInt
Ignoring directive: .type	getString, @function
Ignoring directive: .size	getString, .-getString
Ignoring directive: .type	getInt, @function
Ignoring directive: .size	getInt, .-getInt
Ignoring directive: .type	toString, @function
Ignoring directive: .size	toString, .-toString
Ignoring directive: .type	length, @function
Ignoring directive: .size	length, .-length
Ignoring directive: .type	substring, @function
Ignoring directive: .size	substring, .-substring
Ignoring directive: .type	parseInt, @function
Ignoring directive: .size	parseInt, .-parseInt
Ignoring directive: .type	ord, @function
Ignoring directive: .size	ord, .-ord
Ignoring directive: .type	string_add, @function
Ignoring directive: .size	string_add, .-string_add
Ignoring directive: .type	string_equal, @function
Ignoring directive: .size	string_equal, .-string_equal
Ignoring directive: .type	string_notEqual, @function
Ignoring directive: .size	string_notEqual, .-string_notEqual
Ignoring directive: .type	string_less, @function
Ignoring directive: .size	string_less, .-string_less
Ignoring directive: .type	string_lessEqual, @function
Ignoring directive: .size	string_lessEqual, .-string_lessEqual
Ignoring directive: .type	string_greater, @function
Ignoring directive: .size	string_greater, .-string_greater
Ignoring directive: .type	string_greaterEqual, @function
Ignoring directive: .size	string_greaterEqual, .-string_greaterEqual
Ignoring directive: .ident	"GCC: (GNU) 11.1.0"

Build finished in 18 ms
auipc t1, 0
		# t1: 0 -> 0
jalr ra, 1796(t1)
		# ra: 0 -> 8
addi sp, sp, -352
		# sp: 536870912 -> 536870560
addi s0, sp, 352
		# s0: 0 -> 536870912
sw ra, -4(s0)
		# stored value = 8
sw s0, -8(s0)
		# stored value = 536870912
auipc t1, 4294967295
		# t1: 0 -> 4294965012
jalr ra, 3916(t1)
		# ra: 8 -> 1820
addi sp, sp, -48
		# sp: 536870560 -> 536870512
addi s0, sp, 48
		# s0: 536870912 -> 536870560
sw ra, -4(s0)
		# stored value = 1820
sw s0, -8(s0)
		# stored value = 536870560
addi t1, zero, 4
		# t1: 4294965012 -> 4
sw t1, -12(s0)
		# stored value = 4
addi t1, zero, 4
		# t1: 4 -> 4
sw t1, -16(s0)
		# stored value = 4
lw t0, -12(s0)
		# t0: 0 -> 4
lw t1, -16(s0)
		# t1: 4 -> 4
mul t2, t0, t1
		# t2: 0 -> 16
sw t2, -20(s0)
		# stored value = 16
addi t1, zero, 4
		# t1: 4 -> 4
sw t1, -24(s0)
		# stored value = 4
lw t0, -20(s0)
		# t0: 4 -> 16
lw t1, -24(s0)
		# t1: 4 -> 4
add t2, t0, t1
		# t2: 16 -> 20
sw t2, -28(s0)
		# stored value = 20
lw t0, -28(s0)
		# t0: 16 -> 20
addi a0, t0, 0
		# a0: 0 -> 20
auipc t1, 4294967295
		# t1: 4 -> 4294964912
jalr ra, 2408(t1)
		# ra: 1820 -> 1720
call libc-24
		# return value = 3120
addi t1, a0, 0
		# t1: 2276 -> 3120
sw t1, -32(s0)
		# stored value = 3120
addi t1, zero, 4
		# t1: 3120 -> 4
sw t1, -36(s0)
		# stored value = 4
lw t0, -36(s0)
		# t0: 4680 -> 4
lw t1, -32(s0)
		# t1: 4 -> 3120
sw t0, 0(t1)
		# stored value = 4
lw t0, -32(s0)
		# t0: 4 -> 3120
addi t1, t0, 4
		# t1: 3120 -> 3124
sw t1, -40(s0)
		# stored value = 3124
lw t0, -40(s0)
		# t0: 3120 -> 3124
lw t1, -44(s0)
		# t1: 3124 -> 0
auipc t1, 0
		# t1: 0 -> 1768
sw t0, 1336(t1)
		# stored value = 3124
jal zero, 2  # .__init_return
		# zero: 0 -> 1780
lw ra, 44(sp)
		# ra: 6380 -> 1820
lw s0, 40(sp)
		# s0: 536870560 -> 536870560
addi sp, sp, 48
		# sp: 536870512 -> 536870560
jalr zero, 0(ra)
		# zero: 0 -> 1796
addi t1, zero, 0
		# t1: 1768 -> 0
sw t1, -24(s0)
		# stored value = 0
lw t0, -24(s0)
		# t0: 3124 -> 0
sw t0, -12(s0)
		# stored value = 0
auipc t1, 0
		# t1: 0 -> 1836
lw t1, 1268(t1)
		# t1: 1836 -> 3124
sw t1, -28(s0)
		# stored value = 3124
lw t0, -28(s0)
		# t0: 0 -> 3124
addi t1, t0, -4
		# t1: 3124 -> 3120
sw t1, -32(s0)
		# stored value = 3120
lw t0, -32(s0)
		# t0: 3124 -> 3120
lw t1, 0(t0)
		# t1: 3120 -> 4
sw t1, -36(s0)
		# stored value = 4
lw t0, -36(s0)
		# t0: 3120 -> 4
addi a0, t0, 0
		# a0: 3120 -> 4
auipc t1, 4294967295
		# t1: 4 -> 4294965080
jalr ra, 2452(t1)
		# ra: 1820 -> 1888
addi sp, sp, -32
		# sp: 536870560 -> 536870528
sw ra, 28(sp)
		# stored value = 1888
sw s0, 24(sp)
		# stored value = 536870560
addi s0, sp, 32
		# s0: 536870560 -> 536870560
sw a0, -20(s0)
		# stored value = 4
lw a1, -20(s0)
		# a1: 4660 -> 4
lui a5, 0
		# a5: 4660 -> 0
addi a0, a5, 1624
		# a0: 4 -> 1624
auipc t1, 4294967295
		# t1: 4294965080 -> 4294963468
jalr ra, 3846(t1)
		# ra: 1888 -> 276
call libc-18
		# return value = 2
addi zero, zero, 0
		# zero: 0 -> 0
lw ra, 28(sp)
		# ra: 4936 -> 1888
lw s0, 24(sp)
		# s0: 536870560 -> 536870560
addi sp, sp, 32
		# sp: 536870528 -> 536870560
jalr zero, 0(ra)
		# zero: 0 -> 296
auipc t1, 0
		# t1: 832 -> 1888
lw t1, 1216(t1)
		# t1: 1888 -> 3124
sw t1, -40(s0)
		# stored value = 3124
lw t0, -40(s0)
		# t0: 4664 -> 3124
addi t1, t0, -4
		# t1: 3124 -> 3120
sw t1, -44(s0)
		# stored value = 3120
lw t0, -44(s0)
		# t0: 3124 -> 3120
lw t1, 0(t0)
		# t1: 3120 -> 4
sw t1, -48(s0)
		# stored value = 4
addi t1, zero, 4
		# t1: 4 -> 4
sw t1, -52(s0)
		# stored value = 4
lw t0, -48(s0)
		# t0: 3120 -> 4
lw t1, -52(s0)
		# t1: 4 -> 4
mul t2, t0, t1
		# t2: 9340 -> 16
sw t2, -56(s0)
		# stored value = 16
addi t1, zero, 4
		# t1: 4 -> 4
sw t1, -60(s0)
		# stored value = 4
lw t0, -56(s0)
		# t0: 4 -> 16
lw t1, -60(s0)
		# t1: 4 -> 4
add t2, t0, t1
		# t2: 16 -> 20
sw t2, -64(s0)
		# stored value = 20
lw t0, -64(s0)
		# t0: 16 -> 20
addi a0, t0, 0
		# a0: 2 -> 20
auipc t1, 4294967295
		# t1: 4 -> 4294965180
jalr ra, 2140(t1)
		# ra: 1888 -> 1988
call libc-24
		# return value = 3142
addi t1, a0, 0
		# t1: 2544 -> 3142
sw t1, -68(s0)
		# stored value = 3142
lw t0, -48(s0)
		# t0: 4680 -> 4
lw t1, -68(s0)
		# t1: 3142 -> 3142
sw t0, 0(t1)
		# stored value = 4
lw t0, -68(s0)
		# t0: 4 -> 3142
addi t1, t0, 4
		# t1: 3142 -> 3146
sw t1, -72(s0)
		# stored value = 3146
lw t0, -72(s0)
		# t0: 3142 -> 3146
sw t0, -16(s0)
		# stored value = 3146
lw t1, -16(s0)
		# t1: 3146 -> 3146
sw t1, -76(s0)
		# stored value = 3146
lw t0, -76(s0)
		# t0: 3146 -> 3146
addi t1, t0, -4
		# t1: 3146 -> 3142
sw t1, -80(s0)
		# stored value = 3142
lw t0, -80(s0)
		# t0: 3146 -> 3142
lw t1, 0(t0)
		# t1: 3142 -> 4
sw t1, -84(s0)
		# stored value = 4
lw t0, -84(s0)
		# t0: 3142 -> 4
addi a0, t0, 0
		# a0: 3142 -> 4
auipc t1, 4294967295
		# t1: 4 -> 4294965268
jalr ra, 2264(t1)
		# ra: 6648 -> 2076
addi sp, sp, -32
		# sp: 536870560 -> 536870528
sw ra, 28(sp)
		# stored value = 2076
sw s0, 24(sp)
		# stored value = 536870560
addi s0, sp, 32
		# s0: 536870560 -> 536870560
sw a0, -20(s0)
		# stored value = 4
lw a1, -20(s0)
		# a1: 9324 -> 4
lui a5, 0
		# a5: 9320 -> 0
addi a0, a5, 1624
		# a0: 4 -> 1624
auipc t1, 4294967295
		# t1: 4294965268 -> 4294963468
jalr ra, 3846(t1)
		# ra: 2076 -> 276
call libc-18
		# return value = 2
addi zero, zero, 0
		# zero: 0 -> 0
lw ra, 28(sp)
		# ra: 4936 -> 2076
lw s0, 24(sp)
		# s0: 536870560 -> 536870560
addi sp, sp, 32
		# sp: 536870528 -> 536870560
jalr zero, 0(ra)
		# zero: 0 -> 296
addi t1, zero, 0
		# t1: 832 -> 0
sw t1, -88(s0)
		# stored value = 0
lw t0, -88(s0)
		# t0: 4664 -> 0
sw t0, -20(s0)
		# stored value = 0
jal zero, 2  # .ID24_for_condition
		# zero: 0 -> 2096
lw t1, -20(s0)
		# t1: 0 -> 0
sw t1, -92(s0)
		# stored value = 0
auipc t1, 0
		# t1: 0 -> 2104
lw t1, 1000(t1)
		# t1: 2104 -> 3124
sw t1, -96(s0)
		# stored value = 3124
lw t0, -96(s0)
		# t0: 0 -> 3124
addi t1, t0, -4
		# t1: 3124 -> 3120
sw t1, -100(s0)
		# stored value = 3120
lw t0, -100(s0)
		# t0: 3124 -> 3120
lw t1, 0(t0)
		# t1: 3120 -> 4
sw t1, -104(s0)
		# stored value = 4
lw t0, -92(s0)
		# t0: 3120 -> 0
lw t1, -104(s0)
		# t1: 4 -> 4
slt t2, t0, t1
		# t2: 9340 -> 1
sw t2, -108(s0)
		# stored value = 1
lw t0, -108(s0)
		# t0: 0 -> 1
bne t0, zero, 8  # .ID24_for_suite
auipc t1, 0
		# t1: 4 -> 2168
lw t1, 936(t1)
		# t1: 2168 -> 3124
sw t1, -112(s0)
		# stored value = 3124
lw t1, -20(s0)
		# t1: 3124 -> 0
sw t1, -116(s0)
		# stored value = 0
addi t1, zero, 4
		# t1: 0 -> 4
sw t1, -120(s0)
		# stored value = 4
lw t0, -116(s0)
		# t0: 1 -> 0
lw t1, -120(s0)
		# t1: 4 -> 4
mul t2, t0, t1
		# t2: 1 -> 0
sw t2, -124(s0)
		# stored value = 0
lw t0, -112(s0)
		# t0: 0 -> 3124
lw t1, -124(s0)
		# t1: 4 -> 0
add t2, t0, t1
		# t2: 0 -> 3124
sw t2, -128(s0)
		# stored value = 3124
addi t1, zero, 0
		# t1: 0 -> 0
sw t1, -132(s0)
		# stored value = 0
lw t0, -132(s0)
		# t0: 3124 -> 0
lw t1, -128(s0)
		# t1: 0 -> 3124
sw t0, 0(t1)
		# stored value = 0
lw t1, -16(s0)
		# t1: 3124 -> 3146
sw t1, -136(s0)
		# stored value = 3146
lw t1, -20(s0)
		# t1: 3146 -> 0
sw t1, -140(s0)
		# stored value = 0
addi t1, zero, 4
		# t1: 0 -> 4
sw t1, -144(s0)
		# stored value = 4
lw t0, -140(s0)
		# t0: 0 -> 0
lw t1, -144(s0)
		# t1: 4 -> 4
mul t2, t0, t1
		# t2: 3124 -> 0
sw t2, -148(s0)
		# stored value = 0
lw t0, -136(s0)
		# t0: 0 -> 3146
lw t1, -148(s0)
		# t1: 4 -> 0
add t2, t0, t1
		# t2: 0 -> 3146
sw t2, -152(s0)
		# stored value = 3146
auipc t1, 4294967295
		# t1: 0 -> 4294965504
jalr ra, 2168(t1)
		# ra: 2076 -> 2312
addi sp, sp, -32
		# sp: 536870560 -> 536870528
sw ra, 28(sp)
		# stored value = 2312
sw s0, 24(sp)
		# stored value = 536870560
addi s0, sp, 32
		# s0: 536870560 -> 536870560
addi a5, s0, -20
		# a5: 4660 -> 536870540
addi a1, a5, 0
		# a1: 4664 -> 536870540
lui a5, 0
		# a5: 536870540 -> 0
addi a0, a5, 1620
		# a0: 2 -> 1620
auipc t1, 4294967295
		# t1: 4294965504 -> 4294963608
jalr ra, 3702(t1)
		# ra: 2312 -> 416
call libc-14
		# return value = 1
lw a5, -20(s0)
		# a5: 4660 -> 1
addi a0, a5, 0
		# a0: 1 -> 1
lw ra, 28(sp)
		# ra: 5076 -> 2312
lw s0, 24(sp)
		# s0: 536870560 -> 536870560
addi sp, sp, 32
		# sp: 536870528 -> 536870560
jalr zero, 0(ra)
		# zero: 0 -> 440
addi t1, a0, 0
		# t1: 972 -> 1
sw t1, -156(s0)
		# stored value = 1
lw t0, -156(s0)
		# t0: 7806 -> 1
lw t1, -152(s0)
		# t1: 1 -> 3146
sw t0, 0(t1)
		# stored value = 1
lw t1, -16(s0)
		# t1: 3146 -> 3146
sw t1, -160(s0)
		# stored value = 3146
lw t1, -20(s0)
		# t1: 3146 -> 1
sw t1, -164(s0)
		# stored value = 1
addi t1, zero, 4
		# t1: 1 -> 4
sw t1, -168(s0)
		# stored value = 4
lw t0, -164(s0)
		# t0: 1 -> 1
lw t1, -168(s0)
		# t1: 4 -> 4
mul t2, t0, t1
		# t2: 7806 -> 4
sw t2, -172(s0)
		# stored value = 4
lw t0, -160(s0)
		# t0: 1 -> 3146
lw t1, -172(s0)
		# t1: 4 -> 4
add t2, t0, t1
		# t2: 4 -> 3150
sw t2, -176(s0)
		# stored value = 3150
lw t0, -176(s0)
		# t0: 3146 -> 3150
lw t1, 0(t0)
		# t1: 4 -> 0
sw t1, -180(s0)
		# stored value = 0
lw t0, -180(s0)
		# t0: 3150 -> 0
addi a0, t0, 0
		# a0: 1 -> 0
auipc t1, 4294967295
		# t1: 0 -> 4294965608
jalr ra, 1924(t1)
		# ra: 2312 -> 2416
addi sp, sp, -32
		# sp: 536870560 -> 536870528
sw ra, 28(sp)
		# stored value = 2416
sw s0, 24(sp)
		# stored value = 536870560
addi s0, sp, 32
		# s0: 536870560 -> 536870560
sw a0, -20(s0)
		# stored value = 0
lw a1, -20(s0)
		# a1: 536875200 -> 0
lui a5, 0
		# a5: 1 -> 0
addi a0, a5, 1624
		# a0: 0 -> 1624
auipc t1, 4294967295
		# t1: 4294965608 -> 4294963468
jalr ra, 3846(t1)
		# ra: 2416 -> 276
call libc-18
		# return value = 2
addi zero, zero, 0
		# zero: 0 -> 0
lw ra, 28(sp)
		# ra: 4936 -> 2416
lw s0, 24(sp)
		# s0: 536870560 -> 536870560
addi sp, sp, 32
		# sp: 536870528 -> 536870560
jalr zero, 0(ra)
		# zero: 0 -> 296
jal zero, 2  # .ID24_for_incr
		# zero: 0 -> 2420
lw t1, -20(s0)
		# t1: 832 -> 0
sw t1, -184(s0)
		# stored value = 0
addi t1, zero, 1
		# t1: 0 -> 1
sw t1, -188(s0)
		# stored value = 1
lw t0, -184(s0)
		# t0: 4660 -> 0
lw t1, -188(s0)
		# t1: 1 -> 1
add t2, t0, t1
		# t2: 7810 -> 1
sw t2, -192(s0)
		# stored value = 1
lw t0, -192(s0)
		# t0: 0 -> 1
sw t0, -20(s0)
		# stored value = 1
jal zero, -182  # .ID24_for_condition
		# zero: 0 -> 2464
lw t1, -20(s0)
		# t1: 1 -> 1
sw t1, -92(s0)
		# stored value = 1
auipc t1, 0
		# t1: 1 -> 2104
lw t1, 1000(t1)
		# t1: 2104 -> 3124
sw t1, -96(s0)
		# stored value = 3124
lw t0, -96(s0)
		# t0: 1 -> 3124
addi t1, t0, -4
		# t1: 3124 -> 3120
sw t1, -100(s0)
		# stored value = 3120
lw t0, -100(s0)
		# t0: 3124 -> 3120
lw t1, 0(t0)
		# t1: 3120 -> 4
sw t1, -104(s0)
		# stored value = 4
lw t0, -92(s0)
		# t0: 3120 -> 1
lw t1, -104(s0)
		# t1: 4 -> 4
slt t2, t0, t1
		# t2: 1 -> 1
sw t2, -108(s0)
		# stored value = 1
lw t0, -108(s0)
		# t0: 1 -> 1
bne t0, zero, 8  # .ID24_for_suite
auipc t1, 0
		# t1: 4 -> 2168
lw t1, 936(t1)
		# t1: 2168 -> 3124
sw t1, -112(s0)
		# stored value = 3124
lw t1, -20(s0)
		# t1: 3124 -> 1
sw t1, -116(s0)
		# stored value = 1
addi t1, zero, 4
		# t1: 1 -> 4
sw t1, -120(s0)
		# stored value = 4
lw t0, -116(s0)
		# t0: 1 -> 1
lw t1, -120(s0)
		# t1: 4 -> 4
mul t2, t0, t1
		# t2: 1 -> 4
sw t2, -124(s0)
		# stored value = 4
lw t0, -112(s0)
		# t0: 1 -> 3124
lw t1, -124(s0)
		# t1: 4 -> 4
add t2, t0, t1
		# t2: 4 -> 3128
sw t2, -128(s0)
		# stored value = 3128
addi t1, zero, 0
		# t1: 4 -> 0
sw t1, -132(s0)
		# stored value = 0
lw t0, -132(s0)
		# t0: 3124 -> 0
lw t1, -128(s0)
		# t1: 0 -> 3128
sw t0, 0(t1)
		# stored value = 0
lw t1, -16(s0)
		# t1: 3128 -> 3146
sw t1, -136(s0)
		# stored value = 3146
lw t1, -20(s0)
		# t1: 3146 -> 1
sw t1, -140(s0)
		# stored value = 1
addi t1, zero, 4
		# t1: 1 -> 4
sw t1, -144(s0)
		# stored value = 4
lw t0, -140(s0)
		# t0: 0 -> 1
lw t1, -144(s0)
		# t1: 4 -> 4
mul t2, t0, t1
		# t2: 3128 -> 4
sw t2, -148(s0)
		# stored value = 4
lw t0, -136(s0)
		# t0: 1 -> 3146
lw t1, -148(s0)
		# t1: 4 -> 4
add t2, t0, t1
		# t2: 4 -> 3150
sw t2, -152(s0)
		# stored value = 3150
auipc t1, 4294967295
		# t1: 4 -> 4294965504
jalr ra, 2168(t1)
		# ra: 2416 -> 2312
addi sp, sp, -32
		# sp: 536870560 -> 536870528
sw ra, 28(sp)
		# stored value = 2312
sw s0, 24(sp)
		# stored value = 536870560
addi s0, sp, 32
		# s0: 536870560 -> 536870560
addi a5, s0, -20
		# a5: 4660 -> 536870540
addi a1, a5, 0
		# a1: 4660 -> 536870540
lui a5, 0
		# a5: 536870540 -> 0
addi a0, a5, 1620
		# a0: 2 -> 1620
auipc t1, 4294967295
		# t1: 4294965504 -> 4294963608
jalr ra, 3702(t1)
		# ra: 2312 -> 416
call libc-14
		# return value = 1
lw a5, -20(s0)
		# a5: 4660 -> 2
addi a0, a5, 0
		# a0: 1 -> 2
lw ra, 28(sp)
		# ra: 5076 -> 2312
lw s0, 24(sp)
		# s0: 536870560 -> 536870560
addi sp, sp, 32
		# sp: 536870528 -> 536870560
jalr zero, 0(ra)
		# zero: 0 -> 440
addi t1, a0, 0
		# t1: 972 -> 2
sw t1, -156(s0)
		# stored value = 2
lw t0, -156(s0)
		# t0: 7806 -> 2
lw t1, -152(s0)
		# t1: 2 -> 3150
sw t0, 0(t1)
		# stored value = 2
lw t1, -16(s0)
		# t1: 3150 -> 3146
sw t1, -160(s0)
		# stored value = 3146
lw t1, -20(s0)
		# t1: 3146 -> 2
sw t1, -164(s0)
		# stored value = 2
addi t1, zero, 4
		# t1: 2 -> 4
sw t1, -168(s0)
		# stored value = 4
lw t0, -164(s0)
		# t0: 2 -> 2
lw t1, -168(s0)
		# t1: 4 -> 4
mul t2, t0, t1
		# t2: 7810 -> 8
sw t2, -172(s0)
		# stored value = 8
lw t0, -160(s0)
		# t0: 2 -> 3146
lw t1, -172(s0)
		# t1: 4 -> 8
add t2, t0, t1
		# t2: 8 -> 3154
sw t2, -176(s0)
		# stored value = 3154
lw t0, -176(s0)
		# t0: 3146 -> 3154
lw t1, 0(t0)
		# t1: 8 -> 0
sw t1, -180(s0)
		# stored value = 0
lw t0, -180(s0)
		# t0: 3154 -> 0
addi a0, t0, 0
		# a0: 2 -> 0
auipc t1, 4294967295
		# t1: 0 -> 4294965608
jalr ra, 1924(t1)
		# ra: 2312 -> 2416
addi sp, sp, -32
		# sp: 536870560 -> 536870528
sw ra, 28(sp)
		# stored value = 2416
sw s0, 24(sp)
		# stored value = 536870560
addi s0, sp, 32
		# s0: 536870560 -> 536870560
sw a0, -20(s0)
		# stored value = 0
lw a1, -20(s0)
		# a1: 536875200 -> 0
lui a5, 0
		# a5: 2 -> 0
addi a0, a5, 1624
		# a0: 0 -> 1624
auipc t1, 4294967295
		# t1: 4294965608 -> 4294963468
jalr ra, 3846(t1)
		# ra: 2416 -> 276
call libc-18
		# return value = 2
addi zero, zero, 0
		# zero: 0 -> 0
lw ra, 28(sp)
		# ra: 4936 -> 2416
lw s0, 24(sp)
		# s0: 536870560 -> 536870560
addi sp, sp, 32
		# sp: 536870528 -> 536870560
jalr zero, 0(ra)
		# zero: 0 -> 296
jal zero, 2  # .ID24_for_incr
		# zero: 0 -> 2420
lw t1, -20(s0)
		# t1: 832 -> 0
sw t1, -184(s0)
		# stored value = 0
addi t1, zero, 1
		# t1: 0 -> 1
sw t1, -188(s0)
		# stored value = 1
lw t0, -184(s0)
		# t0: 4660 -> 0
lw t1, -188(s0)
		# t1: 1 -> 1
add t2, t0, t1
		# t2: 7814 -> 1
sw t2, -192(s0)
		# stored value = 1
lw t0, -192(s0)
		# t0: 0 -> 1
sw t0, -20(s0)
		# stored value = 1
jal zero, -182  # .ID24_for_condition
		# zero: 0 -> 2464
lw t1, -20(s0)
		# t1: 1 -> 1
sw t1, -92(s0)
		# stored value = 1
auipc t1, 0
		# t1: 1 -> 2104
lw t1, 1000(t1)
		# t1: 2104 -> 3124
sw t1, -96(s0)
		# stored value = 3124
lw t0, -96(s0)
		# t0: 1 -> 3124
addi t1, t0, -4
		# t1: 3124 -> 3120
sw t1, -100(s0)
		# stored value = 3120
lw t0, -100(s0)
		# t0: 3124 -> 3120
lw t1, 0(t0)
		# t1: 3120 -> 4
sw t1, -104(s0)
		# stored value = 4
lw t0, -92(s0)
		# t0: 3120 -> 1
lw t1, -104(s0)
		# t1: 4 -> 4
slt t2, t0, t1
		# t2: 1 -> 1
sw t2, -108(s0)
		# stored value = 1
lw t0, -108(s0)
		# t0: 1 -> 1
bne t0, zero, 8  # .ID24_for_suite
auipc t1, 0
		# t1: 4 -> 2168
lw t1, 936(t1)
		# t1: 2168 -> 3124
sw t1, -112(s0)
		# stored value = 3124
lw t1, -20(s0)
		# t1: 3124 -> 1
sw t1, -116(s0)
		# stored value = 1
addi t1, zero, 4
		# t1: 1 -> 4
sw t1, -120(s0)
		# stored value = 4
lw t0, -116(s0)
		# t0: 1 -> 1
lw t1, -120(s0)
		# t1: 4 -> 4
mul t2, t0, t1
		# t2: 1 -> 4
sw t2, -124(s0)
		# stored value = 4
lw t0, -112(s0)
		# t0: 1 -> 3124
lw t1, -124(s0)
		# t1: 4 -> 4
add t2, t0, t1
		# t2: 4 -> 3128
sw t2, -128(s0)
		# stored value = 3128
addi t1, zero, 0
		# t1: 4 -> 0
sw t1, -132(s0)
		# stored value = 0
lw t0, -132(s0)
		# t0: 3124 -> 0
lw t1, -128(s0)
		# t1: 0 -> 3128
sw t0, 0(t1)
		# stored value = 0
lw t1, -16(s0)
		# t1: 3128 -> 3146
sw t1, -136(s0)
		# stored value = 3146
lw t1, -20(s0)
		# t1: 3146 -> 1
sw t1, -140(s0)
		# stored value = 1
addi t1, zero, 4
		# t1: 1 -> 4
sw t1, -144(s0)
		# stored value = 4
lw t0, -140(s0)
		# t0: 0 -> 1
lw t1, -144(s0)
		# t1: 4 -> 4
mul t2, t0, t1
		# t2: 3128 -> 4
sw t2, -148(s0)
		# stored value = 4
lw t0, -136(s0)
		# t0: 1 -> 3146
lw t1, -148(s0)
		# t1: 4 -> 4
add t2, t0, t1
		# t2: 4 -> 3150
sw t2, -152(s0)
		# stored value = 3150
auipc t1, 4294967295
		# t1: 4 -> 4294965504
jalr ra, 2168(t1)
		# ra: 2416 -> 2312
addi sp, sp, -32
		# sp: 536870560 -> 536870528
sw ra, 28(sp)
		# stored value = 2312
sw s0, 24(sp)
		# stored value = 536870560
addi s0, sp, 32
		# s0: 536870560 -> 536870560
addi a5, s0, -20
		# a5: 4660 -> 536870540
addi a1, a5, 0
		# a1: 4660 -> 536870540
lui a5, 0
		# a5: 536870540 -> 0
addi a0, a5, 1620
		# a0: 2 -> 1620
auipc t1, 4294967295
		# t1: 4294965504 -> 4294963608
jalr ra, 3702(t1)
		# ra: 2312 -> 416
call libc-14
		# return value = 1
lw a5, -20(s0)
		# a5: 4660 -> 3
addi a0, a5, 0
		# a0: 1 -> 3
lw ra, 28(sp)
		# ra: 5076 -> 2312
lw s0, 24(sp)
		# s0: 536870560 -> 536870560
addi sp, sp, 32
		# sp: 536870528 -> 536870560
jalr zero, 0(ra)
		# zero: 0 -> 440
addi t1, a0, 0
		# t1: 972 -> 3
sw t1, -156(s0)
		# stored value = 3
lw t0, -156(s0)
		# t0: 7806 -> 3
lw t1, -152(s0)
		# t1: 3 -> 3150
sw t0, 0(t1)
		# stored value = 3
lw t1, -16(s0)
		# t1: 3150 -> 3146
sw t1, -160(s0)
		# stored value = 3146
lw t1, -20(s0)
		# t1: 3146 -> 3
sw t1, -164(s0)
		# stored value = 3
addi t1, zero, 4
		# t1: 3 -> 4
sw t1, -168(s0)
		# stored value = 4
lw t0, -164(s0)
		# t0: 3 -> 3
lw t1, -168(s0)
		# t1: 4 -> 4
mul t2, t0, t1
		# t2: 7810 -> 12
sw t2, -172(s0)
		# stored value = 12
lw t0, -160(s0)
		# t0: 3 -> 3146
lw t1, -172(s0)
		# t1: 4 -> 12
add t2, t0, t1
		# t2: 12 -> 3158
sw t2, -176(s0)
		# stored value = 3158
lw t0, -176(s0)
		# t0: 3146 -> 3158
lw t1, 0(t0)
		# t1: 12 -> 0
sw t1, -180(s0)
		# stored value = 0
lw t0, -180(s0)
		# t0: 3158 -> 0
addi a0, t0, 0
		# a0: 3 -> 0
auipc t1, 4294967295
		# t1: 0 -> 4294965608
jalr ra, 1924(t1)
		# ra: 2312 -> 2416
addi sp, sp, -32
		# sp: 536870560 -> 536870528
sw ra, 28(sp)
		# stored value = 2416
sw s0, 24(sp)
		# stored value = 536870560
addi s0, sp, 32
		# s0: 536870560 -> 536870560
sw a0, -20(s0)
		# stored value = 0
lw a1, -20(s0)
		# a1: 536875200 -> 0
lui a5, 0
		# a5: 3 -> 0
addi a0, a5, 1624
		# a0: 0 -> 1624
auipc t1, 4294967295
		# t1: 4294965608 -> 4294963468
jalr ra, 3846(t1)
		# ra: 2416 -> 276
call libc-18
		# return value = 2
addi zero, zero, 0
		# zero: 0 -> 0
lw ra, 28(sp)
		# ra: 4936 -> 2416
lw s0, 24(sp)
		# s0: 536870560 -> 536870560
addi sp, sp, 32
		# sp: 536870528 -> 536870560
jalr zero, 0(ra)
		# zero: 0 -> 296
jal zero, 2  # .ID24_for_incr
		# zero: 0 -> 2420
lw t1, -20(s0)
		# t1: 832 -> 0
sw t1, -184(s0)
		# stored value = 0
addi t1, zero, 1
		# t1: 0 -> 1
sw t1, -188(s0)
		# stored value = 1
lw t0, -184(s0)
		# t0: 4660 -> 0
lw t1, -188(s0)
		# t1: 1 -> 1
add t2, t0, t1
		# t2: 7818 -> 1
sw t2, -192(s0)
		# stored value = 1
lw t0, -192(s0)
		# t0: 0 -> 1
sw t0, -20(s0)
		# stored value = 1
jal zero, -182  # .ID24_for_condition
		# zero: 0 -> 2464
lw t1, -20(s0)
		# t1: 1 -> 1
sw t1, -92(s0)
		# stored value = 1
auipc t1, 0
		# t1: 1 -> 2104
lw t1, 1000(t1)
		# t1: 2104 -> 3124
sw t1, -96(s0)
		# stored value = 3124
lw t0, -96(s0)
		# t0: 1 -> 3124
addi t1, t0, -4
		# t1: 3124 -> 3120
sw t1, -100(s0)
		# stored value = 3120
lw t0, -100(s0)
		# t0: 3124 -> 3120
lw t1, 0(t0)
		# t1: 3120 -> 4
sw t1, -104(s0)
		# stored value = 4
lw t0, -92(s0)
		# t0: 3120 -> 1
lw t1, -104(s0)
		# t1: 4 -> 4
slt t2, t0, t1
		# t2: 1 -> 1
sw t2, -108(s0)
		# stored value = 1
lw t0, -108(s0)
		# t0: 1 -> 1
bne t0, zero, 8  # .ID24_for_suite
auipc t1, 0
		# t1: 4 -> 2168
lw t1, 936(t1)
		# t1: 2168 -> 3124
sw t1, -112(s0)
		# stored value = 3124
lw t1, -20(s0)
		# t1: 3124 -> 1
sw t1, -116(s0)
		# stored value = 1
addi t1, zero, 4
		# t1: 1 -> 4
sw t1, -120(s0)
		# stored value = 4
lw t0, -116(s0)
		# t0: 1 -> 1
lw t1, -120(s0)
		# t1: 4 -> 4
mul t2, t0, t1
		# t2: 1 -> 4
sw t2, -124(s0)
		# stored value = 4
lw t0, -112(s0)
		# t0: 1 -> 3124
lw t1, -124(s0)
		# t1: 4 -> 4
add t2, t0, t1
		# t2: 4 -> 3128
sw t2, -128(s0)
		# stored value = 3128
addi t1, zero, 0
		# t1: 4 -> 0
sw t1, -132(s0)
		# stored value = 0
lw t0, -132(s0)
		# t0: 3124 -> 0
lw t1, -128(s0)
		# t1: 0 -> 3128
sw t0, 0(t1)
		# stored value = 0
lw t1, -16(s0)
		# t1: 3128 -> 3146
sw t1, -136(s0)
		# stored value = 3146
lw t1, -20(s0)
		# t1: 3146 -> 1
sw t1, -140(s0)
		# stored value = 1
addi t1, zero, 4
		# t1: 1 -> 4
sw t1, -144(s0)
		# stored value = 4
lw t0, -140(s0)
		# t0: 0 -> 1
lw t1, -144(s0)
		# t1: 4 -> 4
mul t2, t0, t1
		# t2: 3128 -> 4
sw t2, -148(s0)
		# stored value = 4
lw t0, -136(s0)
		# t0: 1 -> 3146
lw t1, -148(s0)
		# t1: 4 -> 4
add t2, t0, t1
		# t2: 4 -> 3150
sw t2, -152(s0)
		# stored value = 3150
auipc t1, 4294967295
		# t1: 4 -> 4294965504
jalr ra, 2168(t1)
		# ra: 2416 -> 2312
addi sp, sp, -32
		# sp: 536870560 -> 536870528
sw ra, 28(sp)
		# stored value = 2312
sw s0, 24(sp)
		# stored value = 536870560
addi s0, sp, 32
		# s0: 536870560 -> 536870560
addi a5, s0, -20
		# a5: 4660 -> 536870540
addi a1, a5, 0
		# a1: 4660 -> 536870540
lui a5, 0
		# a5: 536870540 -> 0
addi a0, a5, 1620
		# a0: 2 -> 1620
auipc t1, 4294967295
		# t1: 4294965504 -> 4294963608
jalr ra, 3702(t1)
		# ra: 2312 -> 416
call libc-14
		# return value = 1
lw a5, -20(s0)
		# a5: 4660 -> 4
addi a0, a5, 0
		# a0: 1 -> 4
lw ra, 28(sp)
		# ra: 5076 -> 2312
lw s0, 24(sp)
		# s0: 536870560 -> 536870560
addi sp, sp, 32
		# sp: 536870528 -> 536870560
jalr zero, 0(ra)
		# zero: 0 -> 440
addi t1, a0, 0
		# t1: 972 -> 4
sw t1, -156(s0)
		# stored value = 4
lw t0, -156(s0)
		# t0: 7806 -> 4
lw t1, -152(s0)
		# t1: 4 -> 3150
sw t0, 0(t1)
		# stored value = 4
lw t1, -16(s0)
		# t1: 3150 -> 3146
sw t1, -160(s0)
		# stored value = 3146
lw t1, -20(s0)
		# t1: 3146 -> 4
sw t1, -164(s0)
		# stored value = 4
addi t1, zero, 4
		# t1: 4 -> 4
sw t1, -168(s0)
		# stored value = 4
lw t0, -164(s0)
		# t0: 4 -> 4
lw t1, -168(s0)
		# t1: 4 -> 4
mul t2, t0, t1
		# t2: 7810 -> 16
sw t2, -172(s0)
		# stored value = 16
lw t0, -160(s0)
		# t0: 4 -> 3146
lw t1, -172(s0)
		# t1: 4 -> 16
add t2, t0, t1
		# t2: 16 -> 3162
sw t2, -176(s0)
		# stored value = 3162
lw t0, -176(s0)
		# t0: 3146 -> 3162
lw t1, 0(t0)

Some error occurred.
Printing the register state...
zero =           0,	  ra =        2312,	  sp =   536870560,	  gp =           0,	  tp =           0,	  t0 =        3162,	  t1 =          16,	  t2 =        3162,	
  s0 =   536870560,	  s1 =           0,	  a0 =           4,	  a1 =   536875200,	  a2 =       51260,	  a3 =       51260,	  a4 =       51260,	  a5 =           4,	
  a6 =       51260,	  a7 =       51260,	  s2 =           0,	  s3 =           0,	  s4 =           0,	  s5 =           0,	  s6 =           0,	  s7 =           0,	
  s8 =           0,	  s9 =           0,	 s10 =           0,	 s11 =           0,	  t3 =       51260,	  t4 =       51260,	  t5 =       51260,	  t6 =       51260,	

Printing the call stack...
	...
	mul t2, t0, t1
	sw t2, -172(s0)
	lw t0, -160(s0)
	lw t1, -172(s0)
	add t2, t0, t1
	sw t2, -176(s0)
	lw t0, -176(s0)
	lw t1, 0(t0)
from ...
	...
	auipc t1, 0
	jalr ra, 1796(t1)

libc++abi: terminating with uncaught exception of type ravel::InvalidAddress: c5a
